<?xml version="1.0" encoding="UTF-8"?>
<testsuite name="db.jdbc.QueryManagerTests" tests="5" skipped="0" failures="0" errors="0" timestamp="2021-11-22T14:14:48" hostname="LAPTOP-6QKOQ4EP" time="1.849">
  <properties/>
  <testcase name="getProductsAndOrgInPeriodTest" classname="db.jdbc.QueryManagerTests" time="0.589"/>
  <testcase name="getQuantityAndSumByPeriodTest" classname="db.jdbc.QueryManagerTests" time="0.331"/>
  <testcase name="get10ByProductsQuantityTest" classname="db.jdbc.QueryManagerTests" time="0.328"/>
  <testcase name="getGetOrganisationsWithProductsORTest" classname="db.jdbc.QueryManagerTests" time="0.3"/>
  <testcase name="getAvgPriceByPeriodTest" classname="db.jdbc.QueryManagerTests" time="0.3"/>
  <system-out><![CDATA[]]></system-out>
  <system-err><![CDATA[]]></system-err>
</testsuite>
