<?xml version="1.0" encoding="UTF-8"?>
<testsuite name="db.jdbc.QueryManagerTests" tests="5" skipped="0" failures="0" errors="0" timestamp="2021-11-22T11:37:44" hostname="LAPTOP-6QKOQ4EP" time="8.087">
  <properties/>
  <testcase name="getProductsAndOrgInPeriodTest" classname="db.jdbc.QueryManagerTests" time="5.243"/>
  <testcase name="getQuantityAndSumByPeriodTest" classname="db.jdbc.QueryManagerTests" time="0.664"/>
  <testcase name="get10ByProductsQuantityTest" classname="db.jdbc.QueryManagerTests" time="0.748"/>
  <testcase name="getGetOrganisationsWithProductsORTest" classname="db.jdbc.QueryManagerTests" time="0.742"/>
  <testcase name="getAvgPriceByPeriodTest" classname="db.jdbc.QueryManagerTests" time="0.688"/>
  <system-out><![CDATA[]]></system-out>
  <system-err><![CDATA[]]></system-err>
</testsuite>
