<?xml version="1.0" encoding="UTF-8"?>
<testsuite name="db.jdbc.QueryManagerTests" tests="5" skipped="0" failures="0" errors="0" timestamp="2021-11-16T13:15:52" hostname="LAPTOP-6QKOQ4EP" time="2.038">
  <properties/>
  <testcase name="getProductsAndOrgInPeriodTest" classname="db.jdbc.QueryManagerTests" time="0.659"/>
  <testcase name="getQuantityAndSumByPeriodTest" classname="db.jdbc.QueryManagerTests" time="0.349"/>
  <testcase name="get10ByProductsQuantityTest" classname="db.jdbc.QueryManagerTests" time="0.43"/>
  <testcase name="getGetOrganisationsWithProductsORTest" classname="db.jdbc.QueryManagerTests" time="0.298"/>
  <testcase name="getAvgPriceByPeriodTest" classname="db.jdbc.QueryManagerTests" time="0.301"/>
  <system-out><![CDATA[]]></system-out>
  <system-err><![CDATA[]]></system-err>
</testsuite>
