<?xml version="1.0" encoding="UTF-8"?>
<testsuite name="db.jdbc.DAOTests" tests="7" skipped="0" failures="0" errors="0" timestamp="2021-11-16T13:15:47" hostname="LAPTOP-6QKOQ4EP" time="4.571">
  <properties/>
  <testcase name="saveInvoice" classname="db.jdbc.DAOTests" time="2.612"/>
  <testcase name="getInvoiceById" classname="db.jdbc.DAOTests" time="0.318"/>
  <testcase name="deleteNotExistingInvoice" classname="db.jdbc.DAOTests" time="0.302"/>
  <testcase name="getAllInvoices" classname="db.jdbc.DAOTests" time="0.33"/>
  <testcase name="updateInvoice" classname="db.jdbc.DAOTests" time="0.299"/>
  <testcase name="getOrganizationByItn" classname="db.jdbc.DAOTests" time="0.295"/>
  <testcase name="deleteInvoice" classname="db.jdbc.DAOTests" time="0.412"/>
  <system-out><![CDATA[]]></system-out>
  <system-err><![CDATA[]]></system-err>
</testsuite>
